# JRE version: OpenJDK Runtime Environment (8.0_242-b01) (build 1.8.0_242-release-1644-b01)
# Java VM: OpenJDK 64-Bit Server VM (25.242-b01 mixed mode windows-amd64 compressed oops)
Heap:
 PSYoungGen      total 410112K, used 230667K [0x00000000e0000000, 0x0000000100000000, 0x0000000100000000)
  eden space 310272K, 65% used [0x00000000e0000000,0x00000000ec619b00,0x00000000f2f00000)
  from space 99840K, 27% used [0x00000000f9e80000,0x00000000fb9a94b0,0x0000000100000000)
  to   space 107008K, 0% used [0x00000000f2f00000,0x00000000f2f00000,0x00000000f9780000)
 ParOldGen       total 307200K, used 197559K [0x00000000a0000000, 0x00000000b2c00000, 0x00000000e0000000)
  object space 307200K, 64% used [0x00000000a0000000,0x00000000ac0edfd0,0x00000000b2c00000)
 Metaspace       used 140149K, capacity 146726K, committed 146992K, reserved 1177600K
  class space    used 17518K, capacity 18919K, committed 18992K, reserved 1048576K
GC Heap History (10 events):
Event: 265.129 GC heap before
{Heap before GC invocations=65 (full 8):
 PSYoungGen      total 417280K, used 333381K [0x00000000e0000000, 0x0000000100000000, 0x0000000100000000)
  eden space 322048K, 100% used [0x00000000e0000000,0x00000000f3a80000,0x00000000f3a80000)
  from space 95232K, 11% used [0x00000000f9600000,0x00000000fa111520,0x00000000ff300000)
  to   space 93696K, 0% used [0x00000000f3a80000,0x00000000f3a80000,0x00000000f9600000)
 ParOldGen       total 307200K, used 220102K [0x00000000a0000000, 0x00000000b2c00000, 0x00000000e0000000)
  object space 307200K, 71% used [0x00000000a0000000,0x00000000ad6f1ba0,0x00000000b2c00000)
 Metaspace       used 139259K, capacity 145844K, committed 146096K, reserved 1177600K
  class space    used 17462K, capacity 18830K, committed 18864K, reserved 1048576K
Event: 265.192 GC heap after
Heap after GC invocations=65 (full 8):
 PSYoungGen      total 415744K, used 64374K [0x00000000e0000000, 0x0000000100000000, 0x0000000100000000)
  eden space 322048K, 0% used [0x00000000e0000000,0x00000000e0000000,0x00000000f3a80000)
  from space 93696K, 68% used [0x00000000f3a80000,0x00000000f795d848,0x00000000f9600000)
  to   space 98816K, 0% used [0x00000000f9f80000,0x00000000f9f80000,0x0000000100000000)
 ParOldGen       total 307200K, used 228720K [0x00000000a0000000, 0x00000000b2c00000, 0x00000000e0000000)
  object space 307200K, 74% used [0x00000000a0000000,0x00000000adf5c230,0x00000000b2c00000)
 Metaspace       used 139259K, capacity 145844K, committed 146096K, reserved 1177600K
  class space    used 17462K, capacity 18830K, committed 18864K, reserved 1048576K
}
Event: 267.025 GC heap before
{Heap before GC invocations=66 (full 8):
 PSYoungGen      total 415744K, used 384388K [0x00000000e0000000, 0x0000000100000000, 0x0000000100000000)
  eden space 322048K, 99% used [0x00000000e0000000,0x00000000f3883b00,0x00000000f3a80000)
  from space 93696K, 68% used [0x00000000f3a80000,0x00000000f795d848,0x00000000f9600000)
  to   space 98816K, 0% used [0x00000000f9f80000,0x00000000f9f80000,0x0000000100000000)
 ParOldGen       total 307200K, used 228720K [0x00000000a0000000, 0x00000000b2c00000, 0x00000000e0000000)
  object space 307200K, 74% used [0x00000000a0000000,0x00000000adf5c230,0x00000000b2c00000)
 Metaspace       used 140049K, capacity 146690K, committed 146992K, reserved 1177600K
  class space    used 17515K, capacity 18935K, committed 18992K, reserved 1048576K
Event: 267.044 GC heap after
Heap after GC invocations=66 (full 8):
 PSYoungGen      total 427520K, used 19777K [0x00000000e0000000, 0x00000000fff00000, 0x0000000100000000)
  eden space 329728K, 0% used [0x00000000e0000000,0x00000000e0000000,0x00000000f4200000)
  from space 97792K, 20% used [0x00000000f9f80000,0x00000000fb2d0740,0x00000000fff00000)
  to   space 95744K, 0% used [0x00000000f4200000,0x00000000f4200000,0x00000000f9f80000)
 ParOldGen       total 307200K, used 237318K [0x00000000a0000000, 0x00000000b2c00000, 0x00000000e0000000)
  object space 307200K, 77% used [0x00000000a0000000,0x00000000ae7c1b30,0x00000000b2c00000)
 Metaspace       used 140049K, capacity 146690K, committed 146992K, reserved 1177600K
  class space    used 17515K, capacity 18935K, committed 18992K, reserved 1048576K
}
Event: 268.370 GC heap before
{Heap before GC invocations=67 (full 8):
 PSYoungGen      total 427520K, used 349505K [0x00000000e0000000, 0x00000000fff00000, 0x0000000100000000)
  eden space 329728K, 100% used [0x00000000e0000000,0x00000000f4200000,0x00000000f4200000)
  from space 97792K, 20% used [0x00000000f9f80000,0x00000000fb2d0740,0x00000000fff00000)
  to   space 95744K, 0% used [0x00000000f4200000,0x00000000f4200000,0x00000000f9f80000)
 ParOldGen       total 307200K, used 237318K [0x00000000a0000000, 0x00000000b2c00000, 0x00000000e0000000)
  object space 307200K, 77% used [0x00000000a0000000,0x00000000ae7c1b30,0x00000000b2c00000)
 Metaspace       used 140136K, capacity 146812K, committed 146992K, reserved 1177600K
  class space    used 17528K, capacity 18956K, committed 18992K, reserved 1048576K
Event: 268.489 GC heap after
Heap after GC invocations=67 (full 8):
 PSYoungGen      total 424448K, used 94650K [0x00000000e0000000, 0x0000000100000000, 0x0000000100000000)
  eden space 329728K, 0% used [0x00000000e0000000,0x00000000e0000000,0x00000000f4200000)
  from space 94720K, 99% used [0x00000000f4200000,0x00000000f9e6e838,0x00000000f9e80000)
  to   space 99840K, 0% used [0x00000000f9e80000,0x00000000f9e80000,0x0000000100000000)
 ParOldGen       total 307200K, used 253525K [0x00000000a0000000, 0x00000000b2c00000, 0x00000000e0000000)
  object space 307200K, 82% used [0x00000000a0000000,0x00000000af795400,0x00000000b2c00000)
 Metaspace       used 140136K, capacity 146812K, committed 146992K, reserved 1177600K
  class space    used 17528K, capacity 18956K, committed 18992K, reserved 1048576K
}
Event: 268.489 GC heap before
{Heap before GC invocations=68 (full 9):
 PSYoungGen      total 424448K, used 94650K [0x00000000e0000000, 0x0000000100000000, 0x0000000100000000)
  eden space 329728K, 0% used [0x00000000e0000000,0x00000000e0000000,0x00000000f4200000)
  from space 94720K, 99% used [0x00000000f4200000,0x00000000f9e6e838,0x00000000f9e80000)
  to   space 99840K, 0% used [0x00000000f9e80000,0x00000000f9e80000,0x0000000100000000)
 ParOldGen       total 307200K, used 253525K [0x00000000a0000000, 0x00000000b2c00000, 0x00000000e0000000)
  object space 307200K, 82% used [0x00000000a0000000,0x00000000af795400,0x00000000b2c00000)
 Metaspace       used 140136K, capacity 146812K, committed 146992K, reserved 1177600K
  class space    used 17528K, capacity 18956K, committed 18992K, reserved 1048576K
Event: 269.145 GC heap after
Heap after GC invocations=68 (full 9):
 PSYoungGen      total 424448K, used 0K [0x00000000e0000000, 0x0000000100000000, 0x0000000100000000)
  eden space 329728K, 0% used [0x00000000e0000000,0x00000000e0000000,0x00000000f4200000)
  from space 94720K, 0% used [0x00000000f4200000,0x00000000f4200000,0x00000000f9e80000)
  to   space 99840K, 0% used [0x00000000f9e80000,0x00000000f9e80000,0x0000000100000000)
 ParOldGen       total 307200K, used 197551K [0x00000000a0000000, 0x00000000b2c00000, 0x00000000e0000000)
  object space 307200K, 64% used [0x00000000a0000000,0x00000000ac0ebfd0,0x00000000b2c00000)
 Metaspace       used 140088K, capacity 146692K, committed 146992K, reserved 1177600K
  class space    used 17517K, capacity 18916K, committed 18992K, reserved 1048576K
}
Event: 270.321 GC heap before
{Heap before GC invocations=69 (full 9):
 PSYoungGen      total 424448K, used 329728K [0x00000000e0000000, 0x0000000100000000, 0x0000000100000000)
  eden space 329728K, 100% used [0x00000000e0000000,0x00000000f4200000,0x00000000f4200000)
  from space 94720K, 0% used [0x00000000f4200000,0x00000000f4200000,0x00000000f9e80000)
  to   space 99840K, 0% used [0x00000000f9e80000,0x00000000f9e80000,0x0000000100000000)
 ParOldGen       total 307200K, used 197551K [0x00000000a0000000, 0x00000000b2c00000, 0x00000000e0000000)
  object space 307200K, 64% used [0x00000000a0000000,0x00000000ac0ebfd0,0x00000000b2c00000)
 Metaspace       used 140137K, capacity 146712K, committed 146992K, reserved 1177600K
  class space    used 17518K, capacity 18918K, committed 18992K, reserved 1048576K
Event: 270.353 GC heap after
Heap after GC invocations=69 (full 9):
 PSYoungGen      total 410112K, used 27813K [0x00000000e0000000, 0x0000000100000000, 0x0000000100000000)
  eden space 310272K, 0% used [0x00000000e0000000,0x00000000e0000000,0x00000000f2f00000)
  from space 99840K, 27% used [0x00000000f9e80000,0x00000000fb9a94b0,0x0000000100000000)
  to   space 107008K, 0% used [0x00000000f2f00000,0x00000000f2f00000,0x00000000f9780000)
 ParOldGen       total 307200K, used 197559K [0x00000000a0000000, 0x00000000b2c00000, 0x00000000e0000000)
  object space 307200K, 64% used [0x00000000a0000000,0x00000000ac0edfd0,0x00000000b2c00000)
 Metaspace       used 140137K, capacity 146712K, committed 146992K, reserved 1177600K
  class space    used 17518K, capacity 18918K, committed 18992K, reserved 1048576K
}

